<?xml version="1.0" encoding="UTF-8"?>
<testsuite name="test.java.com.turngame.GameModelTest" tests="9" skipped="0" failures="0" errors="0" timestamp="2025-12-16T10:25:17.330Z" hostname="HUAWEIMAGICBOOK" time="0.389">
  <properties/>
  <testcase name="testExploreTileValid()" classname="test.java.com.turngame.GameModelTest" time="0.366"/>
  <testcase name="testDayProgression()" classname="test.java.com.turngame.GameModelTest" time="0.003"/>
  <testcase name="testWaterRiceActionWithEnoughWater()" classname="test.java.com.turngame.GameModelTest" time="0.001"/>
  <testcase name="testGameVictoryCondition()" classname="test.java.com.turngame.GameModelTest" time="0.002"/>
  <testcase name="testCollectWaterAction()" classname="test.java.com.turngame.GameModelTest" time="0.004"/>
  <testcase name="testInitialGameState()" classname="test.java.com.turngame.GameModelTest" time="0.001"/>
  <testcase name="testExploreTileInvalidCoordinates()" classname="test.java.com.turngame.GameModelTest" time="0.001"/>
  <testcase name="testWaterRiceActionWithoutEnoughWater()" classname="test.java.com.turngame.GameModelTest" time="0.001"/>
  <testcase name="testBuildPeasantHouseWithEnoughResources()" classname="test.java.com.turngame.GameModelTest" time="0.002"/>
  <system-out><![CDATA[13:25:17.671 [Test worker] INFO  main.java.com.turngame.util.GameLogger - Игра инициализирована. Карта 10x10
13:25:17.681 [Test worker] INFO  main.java.com.turngame.util.GameLogger - Игрок освоил территорию (0,1)
13:25:17.682 [Test worker] INFO  main.java.com.turngame.util.GameLogger - Компьютер полил рис
13:25:17.682 [Test worker] INFO  main.java.com.turngame.util.GameLogger - AI выполнил действие: WATER_RICE
13:25:17.698 [Test worker] INFO  main.java.com.turngame.util.GameLogger - Игра инициализирована. Карта 10x10
13:25:17.700 [Test worker] INFO  main.java.com.turngame.util.GameLogger - Игрок собрал 30 воды
13:25:17.700 [Test worker] INFO  main.java.com.turngame.util.GameLogger - Компьютер освоил территорию (7,9)
13:25:17.700 [Test worker] INFO  main.java.com.turngame.util.GameLogger - AI выполнил действие: EXPLORE_TILE
13:25:17.702 [Test worker] INFO  main.java.com.turngame.util.GameLogger - Игра инициализирована. Карта 10x10
13:25:17.702 [Test worker] INFO  main.java.com.turngame.util.GameLogger - Игрок полил рис
13:25:17.702 [Test worker] INFO  main.java.com.turngame.util.GameLogger - Компьютер собрал 30 воды
13:25:17.703 [Test worker] INFO  main.java.com.turngame.util.GameLogger - AI выполнил действие: COLLECT_WATER
13:25:17.705 [Test worker] INFO  main.java.com.turngame.util.GameLogger - Игра инициализирована. Карта 10x10
13:25:17.707 [Test worker] INFO  main.java.com.turngame.util.GameLogger - Игра инициализирована. Карта 10x10
13:25:17.708 [Test worker] INFO  main.java.com.turngame.util.GameLogger - Игрок собрал 30 воды
13:25:17.710 [Test worker] INFO  main.java.com.turngame.util.GameLogger - Компьютер построил Дом крестьянина
13:25:17.710 [Test worker] INFO  main.java.com.turngame.util.GameLogger - AI выполнил действие: BUILD_PEASANT_HOUSE
13:25:17.712 [Test worker] INFO  main.java.com.turngame.util.GameLogger - Игра инициализирована. Карта 10x10
13:25:17.714 [Test worker] INFO  main.java.com.turngame.util.GameLogger - Игра инициализирована. Карта 10x10
13:25:17.716 [Test worker] INFO  main.java.com.turngame.util.GameLogger - Игра инициализирована. Карта 10x10
13:25:17.717 [Test worker] INFO  main.java.com.turngame.util.GameLogger - Игра инициализирована. Карта 10x10
13:25:17.717 [Test worker] INFO  main.java.com.turngame.util.GameLogger - Игрок построил Дом крестьянина
13:25:17.717 [Test worker] INFO  main.java.com.turngame.util.GameLogger - Компьютер построил Дом крестьянина
13:25:17.718 [Test worker] INFO  main.java.com.turngame.util.GameLogger - AI выполнил действие: BUILD_PEASANT_HOUSE
]]></system-out>
  <system-err><![CDATA[2025-12-16T10:25:17.658663500Z Test worker INFO Starting configuration XmlConfiguration[location=D:\Egor\Game\app\build\resources\main\log4j2.xml, lastModified=2025-12-16T10:25:15.282Z]...
2025-12-16T10:25:17.661663200Z Test worker INFO Configuration XmlConfiguration[location=D:\Egor\Game\app\build\resources\main\log4j2.xml, lastModified=2025-12-16T10:25:15.282Z] started.
2025-12-16T10:25:17.663664400Z Test worker INFO Stopping configuration org.apache.logging.log4j.core.config.DefaultConfiguration@5c10f1c3...
2025-12-16T10:25:17.664662200Z Test worker INFO Configuration org.apache.logging.log4j.core.config.DefaultConfiguration@5c10f1c3 stopped.
]]></system-err>
</testsuite>
