<?xml version="1.0" encoding="UTF-8"?>
<testsuite name="org.example.list.LinkedListTest" tests="4" skipped="0" failures="0" errors="0" timestamp="2025-12-16T10:25:16.795Z" hostname="HUAWEIMAGICBOOK" time="0.038">
  <properties/>
  <testcase name="testAdd()" classname="org.example.list.LinkedListTest" time="0.031"/>
  <testcase name="testRemoveMissing()" classname="org.example.list.LinkedListTest" time="0.001"/>
  <testcase name="testRemove()" classname="org.example.list.LinkedListTest" time="0.002"/>
  <testcase name="testConstructor()" classname="org.example.list.LinkedListTest" time="0.001"/>
  <system-out><![CDATA[]]></system-out>
  <system-err><![CDATA[]]></system-err>
</testsuite>
